1       3    491
2       2    184
      Sex  count
0  female    314
1    male    577
     p10_age    p20_age  p30_age  p40_age   p50_age    p60_age  p70_age    p80_age    p90_age   p99_age
0  13.061111  18.802941     22.0     25.0  28.18595  31.478789    35.64  41.390626  49.805553  67.79001
           Cabin  count
0            NaN    687
1             G6      4
2        B96 B98      4
3    C23 C25 C27      4
4            F33      3
..           ...    ...
143          C86      1
144         C101      1
145          A23      1
146          B50      1
147          B73      1

[148 rows x 2 columns]
Index(['Age', 'Fare', 'Pclass_2', 'Pclass_3', 'Sex_male', 'SibSp_1', 'SibSp_2',
       'SibSp_3', 'SibSp_4', 'SibSp_5', 'SibSp_8', 'Parch_1', 'Parch_2',
       'Parch_3', 'Parch_4', 'Parch_5', 'Parch_6', 'Embarked_Q', 'Embarked_S'],
      dtype='str')
Traceback (most recent call last):
  File "/Users/ly232/github/Kaggle/titanic/main.py", line 63, in <module>
    X_train, y_train = to_tensors(train_df)
                       ^^^^^^^^^^^^^^^^^^^^
  File "/Users/ly232/github/Kaggle/titanic/data_processing.py", line 67, in to_tensors
    X_tensor = torch.tensor(X.values, dtype=torch.float32)
               ^^^^^^^^^^^^^^^^^^^^^^^^^^^^^^^^^^^^^^^^^^^
TypeError: can't convert np.ndarray of type numpy.object_. The only supported types are: float64, float32, float16, complex64, complex128, int64, int32, int16, int8, uint8, and bool.
(base) (kaggle) ly232@iMacPro titanic % clear
(base) (kaggle) ly232@iMacPro titanic % 
(base) (kaggle) ly232@iMacPro titanic % 
(base) (kaggle) ly232@iMacPro titanic % python main.py
   PassengerId  Survived  Pclass                                               Name     Sex   Age  SibSp  Parch            Ticket     Fare Cabin Embarked
0            1         0       3                            Braund, Mr. Owen Harris    male  22.0      1      0         A/5 21171   7.2500   NaN        S
1            2         1       1  Cumings, Mrs. John Bradley (Florence Briggs Th...  female  38.0      1      0          PC 17599  71.2833   C85        C
2            3         1       3                             Heikkinen, Miss. Laina  female  26.0      0      0  STON/O2. 3101282   7.9250   NaN        S
3            4         1       1       Futrelle, Mrs. Jacques Heath (Lily May Peel)  female  35.0      1      0            113803  53.1000  C123        S
4            5         0       3                           Allen, Mr. William Henry    male  35.0      0      0            373450   8.0500   NaN        S
   Survived  count
0         1    342
1         0    549
   Pclass  count
0       3    491
1       2    184
2       1    216
      Sex  count
0  female    314
1    male    577
     p10_age    p20_age  p30_age  p40_age   p50_age    p60_age  p70_age    p80_age    p90_age   p99_age
0  13.061111  18.802941     22.0     25.0  28.18595  31.478789    35.64  41.390626  49.805553  67.79001
           Cabin  count
0            NaN    687
1             G6      4
2        B96 B98      4
3    C23 C25 C27      4
4              D      3
..           ...    ...
143          C91      1
144          D37      1
145         B102      1
146          E31      1
147          D30      1

[148 rows x 2 columns]
Index(['Age', 'Fare', 'Pclass_2', 'Pclass_3', 'Sex_male', 'SibSp_1', 'SibSp_2',
       'SibSp_3', 'SibSp_4', 'SibSp_5', 'SibSp_8', 'Parch_1', 'Parch_2',
       'Parch_3', 'Parch_4', 'Parch_5', 'Parch_6', 'Embarked_Q', 'Embarked_S'],
      dtype='str')
[I 2026-05-28 20:43:45,734] A new study created in memory with name: no-name-9bbf7ffb-f8a3-4e8c-baa4-7a89d1a99190
[transformers] Disabling PyTorch because PyTorch >= 2.4 is required but found 2.2.2
[transformers] PyTorch was not found. Models won't be available and only tokenizers, configuration and file/data utilities can be used.
Training: 100%|███████████████████████████████████████████████████████████████████████████████████████████████████████████████████████████████████████| 1000/1000 [00:00<00:00, 1450.46it/s]
[I 2026-05-28 20:43:48,487] Trial 0 finished with value: 0.6703910827636719 and parameters: {'hidden_dim': 10, 'lr': 0.00012092235766198257}. Best is trial 0 with value: 0.6703910827636719.
Training: 100%|███████████████████████████████████████████████████████████████████████████████████████████████████████████████████████████████████████| 1000/1000 [00:00<00:00, 1484.85it/s]
[I 2026-05-28 20:43:49,164] Trial 1 finished with value: 0.7374301552772522 and parameters: {'hidden_dim': 12, 'lr': 0.0006016667501196249}. Best is trial 1 with value: 0.7374301552772522.
Training: 100%|███████████████████████████████████████████████████████████████████████████████████████████████████████████████████████████████████████| 1000/1000 [00:00<00:00, 1252.28it/s]
[I 2026-05-28 20:43:49,964] Trial 2 finished with value: 0.7821229100227356 and parameters: {'hidden_dim': 120, 'lr': 0.006807147579234592}. Best is trial 2 with value: 0.7821229100227356.
Training: 100%|███████████████████████████████████████████████████████████████████████████████████████████████████████████████████████████████████████| 1000/1000 [00:00<00:00, 1511.28it/s]
[I 2026-05-28 20:43:50,628] Trial 3 finished with value: 0.6648044586181641 and parameters: {'hidden_dim': 12, 'lr': 0.00027779829225284215}. Best is trial 2 with value: 0.7821229100227356.
Training: 100%|███████████████████████████████████████████████████████████████████████████████████████████████████████████████████████████████████████| 1000/1000 [00:00<00:00, 1538.01it/s]
[I 2026-05-28 20:43:51,280] Trial 4 finished with value: 0.6536312699317932 and parameters: {'hidden_dim': 8, 'lr': 1.124856126596706e-05}. Best is trial 2 with value: 0.7821229100227356.
Training: 100%|███████████████████████████████████████████████████████████████████████████████████████████████████████████████████████████████████████| 1000/1000 [00:00<00:00, 1270.30it/s]
[I 2026-05-28 20:43:52,077] Trial 5 finished with value: 0.74301677942276 and parameters: {'hidden_dim': 62, 'lr': 0.00232122993898336}. Best is trial 2 with value: 0.7821229100227356.
Training: 100%|███████████████████████████████████████████████████████████████████████████████████████████████████████████████████████████████████████| 1000/1000 [00:00<00:00, 1333.64it/s]
[I 2026-05-28 20:43:52,829] Trial 6 finished with value: 0.7765362858772278 and parameters: {'hidden_dim': 20, 'lr': 0.0007755222998754483}. Best is trial 2 with value: 0.7821229100227356.
Training: 100%|███████████████████████████████████████████████████████████████████████████████████████████████████████████████████████████████████████| 1000/1000 [00:00<00:00, 1311.95it/s]
[I 2026-05-28 20:43:53,593] Trial 7 finished with value: 0.7709497213363647 and parameters: {'hidden_dim': 75, 'lr': 0.001042327852569652}. Best is trial 2 with value: 0.7821229100227356.
Training: 100%|███████████████████████████████████████████████████████████████████████████████████████████████████████████████████████████████████████| 1000/1000 [00:00<00:00, 1377.92it/s]
[I 2026-05-28 20:43:54,320] Trial 8 finished with value: 0.7932960987091064 and parameters: {'hidden_dim': 19, 'lr': 0.04123596287432183}. Best is trial 8 with value: 0.7932960987091064.
Training: 100%|███████████████████████████████████████████████████████████████████████████████████████████████████████████████████████████████████████| 1000/1000 [00:00<00:00, 1318.87it/s]
[I 2026-05-28 20:43:55,080] Trial 9 finished with value: 0.7318435907363892 and parameters: {'hidden_dim': 41, 'lr': 0.0073363987437688434}. Best is trial 8 with value: 0.7932960987091064.
Training: 100%|███████████████████████████████████████████████████████████████████████████████████████████████████████████████████████████████████████| 1000/1000 [00:00<00:00, 1385.10it/s]
[I 2026-05-28 20:43:55,813] Trial 10 finished with value: 0.8100558519363403 and parameters: {'hidden_dim': 25, 'lr': 0.07575119920206563}. Best is trial 10 with value: 0.8100558519363403.
Training: 100%|███████████████████████████████████████████████████████████████████████████████████████████████████████████████████████████████████████| 1000/1000 [00:00<00:00, 1327.96it/s]
[I 2026-05-28 20:43:56,571] Trial 11 finished with value: 0.7821229100227356 and parameters: {'hidden_dim': 25, 'lr': 0.08807231250183636}. Best is trial 10 with value: 0.8100558519363403.
Training: 100%|███████████████████████████████████████████████████████████████████████████████████████████████████████████████████████████████████████| 1000/1000 [00:00<00:00, 1417.05it/s]
[I 2026-05-28 20:43:57,282] Trial 12 finished with value: 0.7541899681091309 and parameters: {'hidden_dim': 18, 'lr': 0.06248874719605585}. Best is trial 10 with value: 0.8100558519363403.
Training: 100%|███████████████████████████████████████████████████████████████████████████████████████████████████████████████████████████████████████| 1000/1000 [00:00<00:00, 1335.41it/s]
[I 2026-05-28 20:43:58,036] Trial 13 finished with value: 0.7709497213363647 and parameters: {'hidden_dim': 40, 'lr': 0.020618616887469236}. Best is trial 10 with value: 0.8100558519363403.
Training: 100%|███████████████████████████████████████████████████████████████████████████████████████████████████████████████████████████████████████| 1000/1000 [00:00<00:00, 1244.28it/s]
[I 2026-05-28 20:43:58,845] Trial 14 finished with value: 0.7709497213363647 and parameters: {'hidden_dim': 32, 'lr': 0.022635795580427824}. Best is trial 10 with value: 0.8100558519363403.
Training: 100%|███████████████████████████████████████████████████████████████████████████████████████████████████████████████████████████████████████| 1000/1000 [00:00<00:00, 1374.02it/s]
[I 2026-05-28 20:43:59,579] Trial 15 finished with value: 0.7709497213363647 and parameters: {'hidden_dim': 17, 'lr': 0.02198193861874316}. Best is trial 10 with value: 0.8100558519363403.
Training: 100%|███████████████████████████████████████████████████████████████████████████████████████████████████████████████████████████████████████| 1000/1000 [00:00<00:00, 1323.97it/s]
[I 2026-05-28 20:44:00,339] Trial 16 finished with value: 0.7877094745635986 and parameters: {'hidden_dim': 26, 'lr': 0.09624456862676922}. Best is trial 10 with value: 0.8100558519363403.
Training: 100%|███████████████████████████████████████████████████████████████████████████████████████████████████████████████████████████████████████| 1000/1000 [00:00<00:00, 1331.91it/s]
[I 2026-05-28 20:44:01,096] Trial 17 finished with value: 0.7932960987091064 and parameters: {'hidden_dim': 15, 'lr': 0.005607275771733193}. Best is trial 10 with value: 0.8100558519363403.
Training: 100%|███████████████████████████████████████████████████████████████████████████████████████████████████████████████████████████████████████| 1000/1000 [00:00<00:00, 1278.16it/s]
[I 2026-05-28 20:44:01,883] Trial 18 finished with value: 0.6368715167045593 and parameters: {'hidden_dim': 47, 'lr': 3.4200401295781284e-05}. Best is trial 10 with value: 0.8100558519363403.
Training: 100%|███████████████████████████████████████████████████████████████████████████████████████████████████████████████████████████████████████| 1000/1000 [00:00<00:00, 1255.00it/s]
[I 2026-05-28 20:44:02,686] Trial 19 finished with value: 0.7541899681091309 and parameters: {'hidden_dim': 24, 'lr': 0.03382012238520188}. Best is trial 10 with value: 0.8100558519363403.
Training: 100%|███████████████████████████████████████████████████████████████████████████████████████████████████████████████████████████████████████| 1000/1000 [00:00<00:00, 1347.71it/s]
[I 2026-05-28 20:44:03,434] Trial 20 finished with value: 0.7765362858772278 and parameters: {'hidden_dim': 33, 'lr': 0.0025757629766508007}. Best is trial 10 with value: 0.8100558519363403.
Training: 100%|███████████████████████████████████████████████████████████████████████████████████████████████████████████████████████████████████████| 1000/1000 [00:00<00:00, 1389.78it/s]
[I 2026-05-28 20:44:04,159] Trial 21 finished with value: 0.7765362858772278 and parameters: {'hidden_dim': 15, 'lr': 0.009143084045495234}. Best is trial 10 with value: 0.8100558519363403.
Training: 100%|███████████████████████████████████████████████████████████████████████████████████████████████████████████████████████████████████████| 1000/1000 [00:00<00:00, 1483.74it/s]
[I 2026-05-28 20:44:04,838] Trial 22 finished with value: 0.7988826632499695 and parameters: {'hidden_dim': 14, 'lr': 0.04197306122705804}. Best is trial 10 with value: 0.8100558519363403.
Training: 100%|███████████████████████████████████████████████████████████████████████████████████████████████████████████████████████████████████████| 1000/1000 [00:00<00:00, 1367.20it/s]
[I 2026-05-28 20:44:05,574] Trial 23 finished with value: 0.7709497213363647 and parameters: {'hidden_dim': 22, 'lr': 0.04829013437481791}. Best is trial 10 with value: 0.8100558519363403.
Training: 100%|███████████████████████████████████████████████████████████████████████████████████████████████████████████████████████████████████████| 1000/1000 [00:00<00:00, 1461.72it/s]
[I 2026-05-28 20:44:06,263] Trial 24 finished with value: 0.7988826632499695 and parameters: {'hidden_dim': 13, 'lr': 0.012303707708504556}. Best is trial 10 with value: 0.8100558519363403.
Training: 100%|███████████████████████████████████████████████████████████████████████████████████████████████████████████████████████████████████████| 1000/1000 [00:00<00:00, 1560.83it/s]
[I 2026-05-28 20:44:06,909] Trial 25 finished with value: 0.7541899681091309 and parameters: {'hidden_dim': 8, 'lr': 0.016908793720077777}. Best is trial 10 with value: 0.8100558519363403.
Training: 100%|███████████████████████████████████████████████████████████████████████████████████████████████████████████████████████████████████████| 1000/1000 [00:00<00:00, 1482.55it/s]
[I 2026-05-28 20:44:07,589] Trial 26 finished with value: 0.7765362858772278 and parameters: {'hidden_dim': 12, 'lr': 0.013279353311048165}. Best is trial 10 with value: 0.8100558519363403.
Training: 100%|███████████████████████████████████████████████████████████████████████████████████████████████████████████████████████████████████████| 1000/1000 [00:00<00:00, 1256.68it/s]
[I 2026-05-28 20:44:08,391] Trial 27 finished with value: 0.7821229100227356 and parameters: {'hidden_dim': 14, 'lr': 0.0029815862400106447}. Best is trial 10 with value: 0.8100558519363403.
Training: 100%|███████████████████████████████████████████████████████████████████████████████████████████████████████████████████████████████████████| 1000/1000 [00:00<00:00, 1452.28it/s]
[I 2026-05-28 20:44:09,087] Trial 28 finished with value: 0.7653631567955017 and parameters: {'hidden_dim': 10, 'lr': 0.03601974322212773}. Best is trial 10 with value: 0.8100558519363403.
Training: 100%|███████████████████████████████████████████████████████████████████████████████████████████████████████████████████████████████████████| 1000/1000 [00:00<00:00, 1517.69it/s]
[I 2026-05-28 20:44:09,751] Trial 29 finished with value: 0.6536312699317932 and parameters: {'hidden_dim': 10, 'lr': 0.00012247251135735527}. Best is trial 10 with value: 0.8100558519363403.
Training: 100%|███████████████████████████████████████████████████████████████████████████████████████████████████████████████████████████████████████| 1000/1000 [00:00<00:00, 1438.65it/s]
[I 2026-05-28 20:44:10,451] Trial 30 finished with value: 0.7877094745635986 and parameters: {'hidden_dim': 28, 'lr': 0.004262386869861122}. Best is trial 10 with value: 0.8100558519363403.
Training: 100%|███████████████████████████████████████████████████████████████████████████████████████████████████████████████████████████████████████| 1000/1000 [00:00<00:00, 1461.07it/s]
[I 2026-05-28 20:44:11,141] Trial 31 finished with value: 0.7541899681091309 and parameters: {'hidden_dim': 19, 'lr': 0.047559330905208225}. Best is trial 10 with value: 0.8100558519363403.
Training: 100%|███████████████████████████████████████████████████████████████████████████████████████████████████████████████████████████████████████| 1000/1000 [00:00<00:00, 1506.57it/s]
[I 2026-05-28 20:44:11,811] Trial 32 finished with value: 0.7877094745635986 and parameters: {'hidden_dim': 10, 'lr': 0.03289367382565943}. Best is trial 10 with value: 0.8100558519363403.
Training: 100%|███████████████████████████████████████████████████████████████████████████████████████████████████████████████████████████████████████| 1000/1000 [00:00<00:00, 1506.39it/s]
[I 2026-05-28 20:44:12,481] Trial 33 finished with value: 0.7541899681091309 and parameters: {'hidden_dim': 13, 'lr': 0.012768368149277934}. Best is trial 10 with value: 0.8100558519363403.
Training: 100%|███████████████████████████████████████████████████████████████████████████████████████████████████████████████████████████████████████| 1000/1000 [00:00<00:00, 1498.65it/s]
[I 2026-05-28 20:44:13,154] Trial 34 finished with value: 0.6145251393318176 and parameters: {'hidden_dim': 17, 'lr': 0.0944374918371085}. Best is trial 10 with value: 0.8100558519363403.
Training: 100%|███████████████████████████████████████████████████████████████████████████████████████████████████████████████████████████████████████| 1000/1000 [00:00<00:00, 1463.00it/s]
[I 2026-05-28 20:44:13,843] Trial 35 finished with value: 0.7597765326499939 and parameters: {'hidden_dim': 20, 'lr': 0.05007379963991932}. Best is trial 10 with value: 0.8100558519363403.
Training: 100%|███████████████████████████████████████████████████████████████████████████████████████████████████████████████████████████████████████| 1000/1000 [00:00<00:00, 1426.14it/s]
[I 2026-05-28 20:44:14,550] Trial 36 finished with value: 0.7932960987091064 and parameters: {'hidden_dim': 11, 'lr': 0.01121906726898759}. Best is trial 10 with value: 0.8100558519363403.
Training: 100%|███████████████████████████████████████████████████████████████████████████████████████████████████████████████████████████████████████| 1000/1000 [00:00<00:00, 1519.68it/s]
[I 2026-05-28 20:44:15,213] Trial 37 finished with value: 0.7988826632499695 and parameters: {'hidden_dim': 16, 'lr': 0.001166711933018262}. Best is trial 10 with value: 0.8100558519363403.
Training: 100%|███████████████████████████████████████████████████████████████████████████████████████████████████████████████████████████████████████| 1000/1000 [00:00<00:00, 1459.14it/s]
[I 2026-05-28 20:44:15,904] Trial 38 finished with value: 0.7821229100227356 and parameters: {'hidden_dim': 15, 'lr': 0.0014289083034122192}. Best is trial 10 with value: 0.8100558519363403.
Training: 100%|███████████████████████████████████████████████████████████████████████████████████████████████████████████████████████████████████████| 1000/1000 [00:00<00:00, 1172.60it/s]
[I 2026-05-28 20:44:16,764] Trial 39 finished with value: 0.7877094745635986 and parameters: {'hidden_dim': 126, 'lr': 0.0003187792575055229}. Best is trial 10 with value: 0.8100558519363403.
Training: 100%|███████████████████████████████████████████████████████████████████████████████████████████████████████████████████████████████████████| 1000/1000 [00:00<00:00, 1495.48it/s]
[I 2026-05-28 20:44:17,438] Trial 40 finished with value: 0.6983240246772766 and parameters: {'hidden_dim': 8, 'lr': 0.00039260670828053897}. Best is trial 10 with value: 0.8100558519363403.
Training: 100%|███████████████████████████████████████████████████████████████████████████████████████████████████████████████████████████████████████| 1000/1000 [00:00<00:00, 1473.72it/s]
[I 2026-05-28 20:44:18,124] Trial 41 finished with value: 0.6648044586181641 and parameters: {'hidden_dim': 17, 'lr': 0.0001623070964385062}. Best is trial 10 with value: 0.8100558519363403.
Training: 100%|███████████████████████████████████████████████████████████████████████████████████████████████████████████████████████████████████████| 1000/1000 [00:00<00:00, 1423.69it/s]
[I 2026-05-28 20:44:18,833] Trial 42 finished with value: 0.748603343963623 and parameters: {'hidden_dim': 22, 'lr': 0.06365050860007868}. Best is trial 10 with value: 0.8100558519363403.
Training: 100%|███████████████████████████████████████████████████████████████████████████████████████████████████████████████████████████████████████| 1000/1000 [00:00<00:00, 1485.88it/s]
[I 2026-05-28 20:44:19,512] Trial 43 finished with value: 0.37988826632499695 and parameters: {'hidden_dim': 13, 'lr': 6.633677996876688e-05}. Best is trial 10 with value: 0.8100558519363403.
Training: 100%|███████████████████████████████████████████████████████████████████████████████████████████████████████████████████████████████████████| 1000/1000 [00:00<00:00, 1278.72it/s]
[I 2026-05-28 20:44:20,299] Trial 44 finished with value: 0.7765362858772278 and parameters: {'hidden_dim': 92, 'lr': 0.0013012542303439227}. Best is trial 10 with value: 0.8100558519363403.
Training: 100%|███████████████████████████████████████████████████████████████████████████████████████████████████████████████████████████████████████| 1000/1000 [00:00<00:00, 1405.34it/s]
[I 2026-05-28 20:44:21,017] Trial 45 finished with value: 0.7597765326499939 and parameters: {'hidden_dim': 30, 'lr': 0.029077941850380373}. Best is trial 10 with value: 0.8100558519363403.
Training: 100%|███████████████████████████████████████████████████████████████████████████████████████████████████████████████████████████████████████| 1000/1000 [00:00<00:00, 1364.88it/s]
[I 2026-05-28 20:44:21,755] Trial 46 finished with value: 0.7653631567955017 and parameters: {'hidden_dim': 37, 'lr': 0.0005294024815575986}. Best is trial 10 with value: 0.8100558519363403.
Training: 100%|███████████████████████████████████████████████████████████████████████████████████████████████████████████████████████████████████████| 1000/1000 [00:00<00:00, 1433.35it/s]
