[I 2026-05-28 20:44:22,460] Trial 47 finished with value: 0.74301677942276 and parameters: {'hidden_dim': 23, 'lr': 0.005707371538018722}. Best is trial 10 with value: 0.8100558519363403.
Training: 100%|███████████████████████████████████████████████████████████████████████████████████████████████████████████████████████████████████████| 1000/1000 [00:00<00:00, 1424.30it/s]
[I 2026-05-28 20:44:23,168] Trial 48 finished with value: 0.7821229100227356 and parameters: {'hidden_dim': 20, 'lr': 0.06713616787724101}. Best is trial 10 with value: 0.8100558519363403.
Training: 100%|███████████████████████████████████████████████████████████████████████████████████████████████████████████████████████████████████████| 1000/1000 [00:00<00:00, 1499.98it/s]
[I 2026-05-28 20:44:23,841] Trial 49 finished with value: 0.6368715167045593 and parameters: {'hidden_dim': 12, 'lr': 1.18072364487384e-05}. Best is trial 10 with value: 0.8100558519363403.
Training: 100%|███████████████████████████████████████████████████████████████████████████████████████████████████████████████████████████████████████| 1000/1000 [00:00<00:00, 1515.59it/s]
[I 2026-05-28 20:44:24,507] Trial 50 finished with value: 0.7374301552772522 and parameters: {'hidden_dim': 16, 'lr': 0.016813472831772498}. Best is trial 10 with value: 0.8100558519363403.
Training: 100%|███████████████████████████████████████████████████████████████████████████████████████████████████████████████████████████████████████| 1000/1000 [00:00<00:00, 1470.02it/s]
[I 2026-05-28 20:44:25,195] Trial 51 finished with value: 0.8044692873954773 and parameters: {'hidden_dim': 14, 'lr': 0.005285607826456325}. Best is trial 10 with value: 0.8100558519363403.
Training: 100%|███████████████████████████████████████████████████████████████████████████████████████████████████████████████████████████████████████| 1000/1000 [00:00<00:00, 1457.77it/s]
[I 2026-05-28 20:44:25,887] Trial 52 finished with value: 0.7765362858772278 and parameters: {'hidden_dim': 9, 'lr': 0.0078583246270043}. Best is trial 10 with value: 0.8100558519363403.
Training: 100%|███████████████████████████████████████████████████████████████████████████████████████████████████████████████████████████████████████| 1000/1000 [00:00<00:00, 1294.73it/s]
[I 2026-05-28 20:44:26,665] Trial 53 finished with value: 0.7709497213363647 and parameters: {'hidden_dim': 14, 'lr': 0.003674228396158741}. Best is trial 10 with value: 0.8100558519363403.
Training: 100%|███████████████████████████████████████████████████████████████████████████████████████████████████████████████████████████████████████| 1000/1000 [00:00<00:00, 1365.73it/s]
[I 2026-05-28 20:44:27,403] Trial 54 finished with value: 0.7709497213363647 and parameters: {'hidden_dim': 19, 'lr': 0.0018779574595678566}. Best is trial 10 with value: 0.8100558519363403.
Training: 100%|███████████████████████████████████████████████████████████████████████████████████████████████████████████████████████████████████████| 1000/1000 [00:00<00:00, 1428.30it/s]
[I 2026-05-28 20:44:28,110] Trial 55 finished with value: 0.7709497213363647 and parameters: {'hidden_dim': 26, 'lr': 0.0007958523758975265}. Best is trial 10 with value: 0.8100558519363403.
Training: 100%|███████████████████████████████████████████████████████████████████████████████████████████████████████████████████████████████████████| 1000/1000 [00:00<00:00, 1504.96it/s]
[I 2026-05-28 20:44:28,781] Trial 56 finished with value: 0.7541899681091309 and parameters: {'hidden_dim': 12, 'lr': 0.024973232926020744}. Best is trial 10 with value: 0.8100558519363403.
Training: 100%|███████████████████████████████████████████████████████████████████████████████████████████████████████████████████████████████████████| 1000/1000 [00:00<00:00, 1515.24it/s]
[I 2026-05-28 20:44:29,447] Trial 57 finished with value: 0.7988826632499695 and parameters: {'hidden_dim': 16, 'lr': 0.01899904607308615}. Best is trial 10 with value: 0.8100558519363403.
Training: 100%|███████████████████████████████████████████████████████████████████████████████████████████████████████████████████████████████████████| 1000/1000 [00:00<00:00, 1375.92it/s]
[I 2026-05-28 20:44:30,182] Trial 58 finished with value: 0.7821229100227356 and parameters: {'hidden_dim': 59, 'lr': 0.018162323473235112}. Best is trial 10 with value: 0.8100558519363403.
Training: 100%|███████████████████████████████████████████████████████████████████████████████████████████████████████████████████████████████████████| 1000/1000 [00:00<00:00, 1549.24it/s]
[I 2026-05-28 20:44:30,834] Trial 59 finished with value: 0.7653631567955017 and parameters: {'hidden_dim': 11, 'lr': 0.004828663714945033}. Best is trial 10 with value: 0.8100558519363403.
Training: 100%|███████████████████████████████████████████████████████████████████████████████████████████████████████████████████████████████████████| 1000/1000 [00:00<00:00, 1491.29it/s]
[I 2026-05-28 20:44:31,510] Trial 60 finished with value: 0.7653631567955017 and parameters: {'hidden_dim': 14, 'lr': 0.008387502099314747}. Best is trial 10 with value: 0.8100558519363403.
Training: 100%|███████████████████████████████████████████████████████████████████████████████████████████████████████████████████████████████████████| 1000/1000 [00:00<00:00, 1457.31it/s]
[I 2026-05-28 20:44:32,203] Trial 61 finished with value: 0.7821229100227356 and parameters: {'hidden_dim': 16, 'lr': 0.03989231553396911}. Best is trial 10 with value: 0.8100558519363403.
Training: 100%|███████████████████████████████████████████████████████████████████████████████████████████████████████████████████████████████████████| 1000/1000 [00:00<00:00, 1447.17it/s]
[I 2026-05-28 20:44:32,900] Trial 62 finished with value: 0.7541899681091309 and parameters: {'hidden_dim': 21, 'lr': 0.02654665389911347}. Best is trial 10 with value: 0.8100558519363403.
Training: 100%|███████████████████████████████████████████████████████████████████████████████████████████████████████████████████████████████████████| 1000/1000 [00:00<00:00, 1459.56it/s]
[I 2026-05-28 20:44:33,591] Trial 63 finished with value: 0.7597765326499939 and parameters: {'hidden_dim': 18, 'lr': 0.05732734250460052}. Best is trial 10 with value: 0.8100558519363403.
Training: 100%|███████████████████████████████████████████████████████████████████████████████████████████████████████████████████████████████████████| 1000/1000 [00:00<00:00, 1459.40it/s]
[I 2026-05-28 20:44:34,284] Trial 64 finished with value: 0.7932960987091064 and parameters: {'hidden_dim': 13, 'lr': 0.07552646606628435}. Best is trial 10 with value: 0.8100558519363403.
Training: 100%|███████████████████████████████████████████████████████████████████████████████████████████████████████████████████████████████████████| 1000/1000 [00:00<00:00, 1514.88it/s]
[I 2026-05-28 20:44:34,950] Trial 65 finished with value: 0.7821229100227356 and parameters: {'hidden_dim': 16, 'lr': 0.021211179863015198}. Best is trial 10 with value: 0.8100558519363403.
Training: 100%|███████████████████████████████████████████████████████████████████████████████████████████████████████████████████████████████████████| 1000/1000 [00:00<00:00, 1397.70it/s]
[I 2026-05-28 20:44:35,673] Trial 66 finished with value: 0.7653631567955017 and parameters: {'hidden_dim': 25, 'lr': 0.012687993807983276}. Best is trial 10 with value: 0.8100558519363403.
Training: 100%|███████████████████████████████████████████████████████████████████████████████████████████████████████████████████████████████████████| 1000/1000 [00:00<00:00, 1463.99it/s]
[I 2026-05-28 20:44:36,363] Trial 67 finished with value: 0.7709497213363647 and parameters: {'hidden_dim': 11, 'lr': 0.04187477385313178}. Best is trial 10 with value: 0.8100558519363403.
Training: 100%|███████████████████████████████████████████████████████████████████████████████████████████████████████████████████████████████████████| 1000/1000 [00:00<00:00, 1455.08it/s]
[I 2026-05-28 20:44:37,058] Trial 68 finished with value: 0.7709497213363647 and parameters: {'hidden_dim': 18, 'lr': 0.010698776407612002}. Best is trial 10 with value: 0.8100558519363403.
Training: 100%|███████████████████████████████████████████████████████████████████████████████████████████████████████████████████████████████████████| 1000/1000 [00:00<00:00, 1359.12it/s]
[I 2026-05-28 20:44:37,800] Trial 69 finished with value: 0.748603343963623 and parameters: {'hidden_dim': 28, 'lr': 0.015214411556743081}. Best is trial 10 with value: 0.8100558519363403.
Training: 100%|███████████████████████████████████████████████████████████████████████████████████████████████████████████████████████████████████████| 1000/1000 [00:00<00:00, 1516.90it/s]
[I 2026-05-28 20:44:38,466] Trial 70 finished with value: 0.7821229100227356 and parameters: {'hidden_dim': 9, 'lr': 0.0032441139671695366}. Best is trial 10 with value: 0.8100558519363403.
Training: 100%|███████████████████████████████████████████████████████████████████████████████████████████████████████████████████████████████████████| 1000/1000 [00:00<00:00, 1482.08it/s]
[I 2026-05-28 20:44:39,147] Trial 71 finished with value: 0.7374301552772522 and parameters: {'hidden_dim': 15, 'lr': 0.005825276823050186}. Best is trial 10 with value: 0.8100558519363403.
Training: 100%|███████████████████████████████████████████████████████████████████████████████████████████████████████████████████████████████████████| 1000/1000 [00:00<00:00, 1465.14it/s]
[I 2026-05-28 20:44:39,836] Trial 72 finished with value: 0.7653631567955017 and parameters: {'hidden_dim': 14, 'lr': 0.006235668719957921}. Best is trial 10 with value: 0.8100558519363403.
Training: 100%|███████████████████████████████████████████████████████████████████████████████████████████████████████████████████████████████████████| 1000/1000 [00:00<00:00, 1499.90it/s]
[I 2026-05-28 20:44:40,509] Trial 73 finished with value: 0.8044692873954773 and parameters: {'hidden_dim': 15, 'lr': 0.09952500848806077}. Best is trial 10 with value: 0.8100558519363403.
Training: 100%|███████████████████████████████████████████████████████████████████████████████████████████████████████████████████████████████████████| 1000/1000 [00:00<00:00, 1479.59it/s]
[I 2026-05-28 20:44:41,192] Trial 74 finished with value: 0.7988826632499695 and parameters: {'hidden_dim': 19, 'lr': 0.09130674922509573}. Best is trial 10 with value: 0.8100558519363403.
Training: 100%|███████████████████████████████████████████████████████████████████████████████████████████████████████████████████████████████████████| 1000/1000 [00:00<00:00, 1467.07it/s]
[I 2026-05-28 20:44:41,880] Trial 75 finished with value: 0.7988826632499695 and parameters: {'hidden_dim': 17, 'lr': 0.09308836289271834}. Best is trial 10 with value: 0.8100558519363403.
Training: 100%|███████████████████████████████████████████████████████████████████████████████████████████████████████████████████████████████████████| 1000/1000 [00:00<00:00, 1490.74it/s]
[I 2026-05-28 20:44:42,557] Trial 76 finished with value: 0.7653631567955017 and parameters: {'hidden_dim': 13, 'lr': 0.08111811713556331}. Best is trial 10 with value: 0.8100558519363403.
Training: 100%|███████████████████████████████████████████████████████████████████████████████████████████████████████████████████████████████████████| 1000/1000 [00:00<00:00, 1447.29it/s]
[I 2026-05-28 20:44:43,255] Trial 77 finished with value: 0.7988826632499695 and parameters: {'hidden_dim': 22, 'lr': 0.05211626084279615}. Best is trial 10 with value: 0.8100558519363403.
Training: 100%|███████████████████████████████████████████████████████████████████████████████████████████████████████████████████████████████████████| 1000/1000 [00:00<00:00, 1240.39it/s]
[I 2026-05-28 20:44:44,068] Trial 78 finished with value: 0.7821229100227356 and parameters: {'hidden_dim': 15, 'lr': 0.03744127334747761}. Best is trial 10 with value: 0.8100558519363403.
Training: 100%|███████████████████████████████████████████████████████████████████████████████████████████████████████████████████████████████████████| 1000/1000 [00:00<00:00, 1395.90it/s]
[I 2026-05-28 20:44:44,792] Trial 79 finished with value: 0.748603343963623 and parameters: {'hidden_dim': 20, 'lr': 0.06163262618529581}. Best is trial 10 with value: 0.8100558519363403.
Training: 100%|███████████████████████████████████████████████████████████████████████████████████████████████████████████████████████████████████████| 1000/1000 [00:00<00:00, 1473.00it/s]
[I 2026-05-28 20:44:45,478] Trial 80 finished with value: 0.748603343963623 and parameters: {'hidden_dim': 11, 'lr': 0.03050413936147958}. Best is trial 10 with value: 0.8100558519363403.
Training: 100%|███████████████████████████████████████████████████████████████████████████████████████████████████████████████████████████████████████| 1000/1000 [00:00<00:00, 1402.62it/s]
[I 2026-05-28 20:44:46,198] Trial 81 finished with value: 0.7821229100227356 and parameters: {'hidden_dim': 17, 'lr': 0.09199380306918782}. Best is trial 10 with value: 0.8100558519363403.
Training: 100%|███████████████████████████████████████████████████████████████████████████████████████████████████████████████████████████████████████| 1000/1000 [00:00<00:00, 1443.87it/s]
[I 2026-05-28 20:44:46,898] Trial 82 finished with value: 0.7653631567955017 and parameters: {'hidden_dim': 16, 'lr': 0.09342634357253847}. Best is trial 10 with value: 0.8100558519363403.
Training: 100%|███████████████████████████████████████████████████████████████████████████████████████████████████████████████████████████████████████| 1000/1000 [00:00<00:00, 1369.57it/s]
[I 2026-05-28 20:44:47,635] Trial 83 finished with value: 0.7988826632499695 and parameters: {'hidden_dim': 18, 'lr': 0.07614695076069673}. Best is trial 10 with value: 0.8100558519363403.
Training: 100%|███████████████████████████████████████████████████████████████████████████████████████████████████████████████████████████████████████| 1000/1000 [00:00<00:00, 1430.13it/s]
[I 2026-05-28 20:44:48,342] Trial 84 finished with value: 0.6145251393318176 and parameters: {'hidden_dim': 14, 'lr': 0.0991380683394297}. Best is trial 10 with value: 0.8100558519363403.
Training: 100%|███████████████████████████████████████████████████████████████████████████████████████████████████████████████████████████████████████| 1000/1000 [00:00<00:00, 1472.61it/s]
[I 2026-05-28 20:44:49,029] Trial 85 finished with value: 0.7932960987091064 and parameters: {'hidden_dim': 13, 'lr': 0.05337623361180701}. Best is trial 10 with value: 0.8100558519363403.
Training: 100%|███████████████████████████████████████████████████████████████████████████████████████████████████████████████████████████████████████| 1000/1000 [00:00<00:00, 1363.09it/s]
[I 2026-05-28 20:44:49,770] Trial 86 finished with value: 0.7653631567955017 and parameters: {'hidden_dim': 17, 'lr': 0.04544656756646611}. Best is trial 10 with value: 0.8100558519363403.
Training: 100%|███████████████████████████████████████████████████████████████████████████████████████████████████████████████████████████████████████| 1000/1000 [00:00<00:00, 1447.74it/s]
[I 2026-05-28 20:44:50,469] Trial 87 finished with value: 0.7932960987091064 and parameters: {'hidden_dim': 24, 'lr': 0.0023127416087054594}. Best is trial 10 with value: 0.8100558519363403.
Training: 100%|███████████████████████████████████████████████████████████████████████████████████████████████████████████████████████████████████████| 1000/1000 [00:00<00:00, 1457.72it/s]
[I 2026-05-28 20:44:51,161] Trial 88 finished with value: 0.7765362858772278 and parameters: {'hidden_dim': 19, 'lr': 0.02162333697420561}. Best is trial 10 with value: 0.8100558519363403.
Training: 100%|███████████████████████████████████████████████████████████████████████████████████████████████████████████████████████████████████████| 1000/1000 [00:00<00:00, 1439.06it/s]
[I 2026-05-28 20:44:51,864] Trial 89 finished with value: 0.6145251393318176 and parameters: {'hidden_dim': 21, 'lr': 0.07689577032689694}. Best is trial 10 with value: 0.8100558519363403.
Training: 100%|███████████████████████████████████████████████████████████████████████████████████████████████████████████████████████████████████████| 1000/1000 [00:00<00:00, 1495.71it/s]
[I 2026-05-28 20:44:52,540] Trial 90 finished with value: 0.7877094745635986 and parameters: {'hidden_dim': 12, 'lr': 0.035664316370011793}. Best is trial 10 with value: 0.8100558519363403.
Training: 100%|███████████████████████████████████████████████████████████████████████████████████████████████████████████████████████████████████████| 1000/1000 [00:00<00:00, 1454.99it/s]
[I 2026-05-28 20:44:53,235] Trial 91 finished with value: 0.8100558519363403 and parameters: {'hidden_dim': 21, 'lr': 0.054230211331070324}. Best is trial 10 with value: 0.8100558519363403.
Training: 100%|███████████████████████████████████████████████████████████████████████████████████████████████████████████████████████████████████████| 1000/1000 [00:00<00:00, 1448.98it/s]
[I 2026-05-28 20:44:53,931] Trial 92 finished with value: 0.7653631567955017 and parameters: {'hidden_dim': 15, 'lr': 0.07169002393685765}. Best is trial 10 with value: 0.8100558519363403.
Training: 100%|███████████████████████████████████████████████████████████████████████████████████████████████████████████████████████████████████████| 1000/1000 [00:00<00:00, 1419.92it/s]
[I 2026-05-28 20:44:54,642] Trial 93 finished with value: 0.8156424760818481 and parameters: {'hidden_dim': 28, 'lr': 0.062392380005804174}. Best is trial 93 with value: 0.8156424760818481.
Training: 100%|███████████████████████████████████████████████████████████████████████████████████████████████████████████████████████████████████████| 1000/1000 [00:00<00:00, 1442.01it/s]
[I 2026-05-28 20:44:55,342] Trial 94 finished with value: 0.7709497213363647 and parameters: {'hidden_dim': 28, 'lr': 0.026443361143892615}. Best is trial 93 with value: 0.8156424760818481.
Training: 100%|███████████████████████████████████████████████████████████████████████████████████████████████████████████████████████████████████████| 1000/1000 [00:00<00:00, 1308.11it/s]
[I 2026-05-28 20:44:56,115] Trial 95 finished with value: 0.7877094745635986 and parameters: {'hidden_dim': 35, 'lr': 0.06061459391262052}. Best is trial 93 with value: 0.8156424760818481.
Training: 100%|███████████████████████████████████████████████████████████████████████████████████████████████████████████████████████████████████████| 1000/1000 [00:00<00:00, 1398.78it/s]
[I 2026-05-28 20:44:56,837] Trial 96 finished with value: 0.7653631567955017 and parameters: {'hidden_dim': 31, 'lr': 0.031116359401916573}. Best is trial 93 with value: 0.8156424760818481.
Training: 100%|███████████████████████████████████████████████████████████████████████████████████████████████████████████████████████████████████████| 1000/1000 [00:00<00:00, 1409.06it/s]
[I 2026-05-28 20:44:57,554] Trial 97 finished with value: 0.748603343963623 and parameters: {'hidden_dim': 23, 'lr': 0.04560031367898787}. Best is trial 93 with value: 0.8156424760818481.
Training: 100%|███████████████████████████████████████████████████████████████████████████████████████████████████████████████████████████████████████| 1000/1000 [00:00<00:00, 1450.59it/s]
[I 2026-05-28 20:44:58,251] Trial 98 finished with value: 0.7765362858772278 and parameters: {'hidden_dim': 21, 'lr': 0.01721972599152905}. Best is trial 93 with value: 0.8156424760818481.
Training: 100%|███████████████████████████████████████████████████████████████████████████████████████████████████████████████████████████████████████| 1000/1000 [00:00<00:00, 1419.33it/s]
[I 2026-05-28 20:44:58,963] Trial 99 finished with value: 0.7094972133636475 and parameters: {'hidden_dim': 29, 'lr': 0.000171523206032635}. Best is trial 93 with value: 0.8156424760818481.
Best value:  0.8156424760818481
Best hyperparameters:  {'hidden_dim': 28, 'lr': 0.062392380005804174}
(base) (kaggle) ly232@iMacPro titanic % 